Seq. Update date/time           Trans(N1) Trans(N2)  Centre Tape
   0 2026-05-21 03:12:59.687303 ----      --------          (Initialized)
   1 2026-05-21 03:12:59.687303                             exfor-2025
   2 2026-05-22 20:52:58.740795 3221      20260106   NDS    trans/trans.3221
   3 2026-05-22 21:50:14.617197 C252      20260112   NNDC   trans/trans.c252
   4 2026-05-22 21:52:38.816421 M142      20260115   CDFE   trans/trans.m142
   5 2026-05-22 21:54:42.621154 1524      20260115   NNDC   trans/trans.1524
   6 2026-05-22 21:57:21.041313 F103      20260122   CNPD   trans/trans.f103
   7 2026-05-22 22:00:41.667460 F104      20260126   CNPD   trans/trans.f104
   8 2026-05-22 22:04:17.551158 2322      20260114   NEADB  trans/trans.2322
   9 2026-05-22 22:06:15.238371 O099      20260114   NEADB  trans/trans.o099
  10 2026-05-22 22:08:39.954345 O100      20260114   NEADB  trans/trans.o100
  11 2026-05-22 22:14:35.095525 M143      20260226   CDFE   trans/trans.m143
  12 2026-05-22 22:17:48.389466 E155      20260227   JCPRG  trans/trans.e155
  13 2026-05-22 22:19:33.353553 E156      20260227   JCPRG  trans/trans.e156
  14 2026-05-22 22:21:29.284535 R033      20260227   JCPRG  trans/trans.r033
  15 2026-05-22 22:23:08.193433 M144      20260302   CDFE   trans/trans.m144
  16 2026-05-22 22:26:51.542887 F105      20260305   CNPD   trans/trans.f105
  17 2026-05-22 22:31:04.760535 F106      20260305   CNPD   trans/trans.f106
  18 2026-05-22 22:34:09.570899 F107      20260311   CNPD   trans/trans.f107
  19 2026-05-22 22:37:30.873930 C253      20260312   NNDC   trans/trans.c253
  20 2026-05-22 22:41:09.197042 1525      20260316   NNDC   trans/trans.1525
